  [4;36;1mSQL (0.1ms)[0m   [0;1mSET NAMES 'utf8'[0m
  [4;35;1mSQL (0.1ms)[0m   [0mSET SQL_AUTO_IS_NULL=0[0m
  [4;36;1mSQL (0.2ms)[0m   [0;1mSHOW TABLES[0m
  [4;35;1mSQL (0.1ms)[0m   [0mSELECT version FROM schema_migrations[0m
Migrating to CreateUsers (20090426150645)
  [4;36;1mSQL (0.2ms)[0m   [0;1mSHOW TABLES[0m
  [4;35;1mSQL (42.3ms)[0m   [0mDROP TABLE `users`[0m
  [4;36;1mSQL (6.0ms)[0m   [0;1mCREATE TABLE `users` (`id` int(11) DEFAULT NULL auto_increment PRIMARY KEY, `login` varchar(40), `name` varchar(100) DEFAULT '', `email` varchar(100), `crypted_password` varchar(40), `salt` varchar(40), `created_at` datetime, `updated_at` datetime, `remember_token` varchar(40), `remember_token_expires_at` datetime) ENGINE=InnoDB[0m
  [4;35;1mSQL (11.4ms)[0m   [0mCREATE UNIQUE INDEX `index_users_on_login` ON `users` (`login`)[0m
  [4;36;1mSQL (0.8ms)[0m   [0;1mINSERT INTO schema_migrations (version) VALUES ('20090426150645')[0m
  [4;35;1mSQL (0.2ms)[0m   [0mSHOW TABLES[0m
  [4;36;1mSQL (0.1ms)[0m   [0;1mSELECT version FROM schema_migrations[0m
  [4;35;1mSQL (0.1ms)[0m   [0mSHOW TABLES[0m
  [4;36;1mSQL (1.1ms)[0m   [0;1mSHOW FIELDS FROM `users`[0m
  [4;35;1mSQL (1.0ms)[0m   [0mdescribe `users`[0m
  [4;36;1mSQL (0.2ms)[0m   [0;1mSHOW KEYS FROM `users`[0m
  [4;36;1mSQL (0.1ms)[0m   [0;1mSET NAMES 'utf8'[0m
  [4;35;1mSQL (0.1ms)[0m   [0mSET SQL_AUTO_IS_NULL=0[0m


Processing ApplicationController#index (for 127.0.0.1 at 2009-04-26 17:08:33) [GET]

ActionController::RoutingError (No route matches "/create" with {:method=>:get}):
  /usr/lib/ruby/1.8/webrick/httpserver.rb:104:in `service'
  /usr/lib/ruby/1.8/webrick/httpserver.rb:65:in `run'
  /usr/lib/ruby/1.8/webrick/server.rb:173:in `start_thread'
  /usr/lib/ruby/1.8/webrick/server.rb:162:in `start'
  /usr/lib/ruby/1.8/webrick/server.rb:162:in `start_thread'
  /usr/lib/ruby/1.8/webrick/server.rb:95:in `start'
  /usr/lib/ruby/1.8/webrick/server.rb:92:in `each'
  /usr/lib/ruby/1.8/webrick/server.rb:92:in `start'
  /usr/lib/ruby/1.8/webrick/server.rb:23:in `start'
  /usr/lib/ruby/1.8/webrick/server.rb:82:in `start'

Rendering rescues/layout (not_found)
  [4;36;1mSQL (0.1ms)[0m   [0;1mSET NAMES 'utf8'[0m
  [4;35;1mSQL (0.1ms)[0m   [0mSET SQL_AUTO_IS_NULL=0[0m


Processing ApplicationController#index (for 127.0.0.1 at 2009-04-26 17:08:45) [GET]

ActionController::RoutingError (No route matches "/new" with {:method=>:get}):
  /usr/lib/ruby/1.8/webrick/httpserver.rb:104:in `service'
  /usr/lib/ruby/1.8/webrick/httpserver.rb:65:in `run'
  /usr/lib/ruby/1.8/webrick/server.rb:173:in `start_thread'
  /usr/lib/ruby/1.8/webrick/server.rb:162:in `start'
  /usr/lib/ruby/1.8/webrick/server.rb:162:in `start_thread'
  /usr/lib/ruby/1.8/webrick/server.rb:95:in `start'
  /usr/lib/ruby/1.8/webrick/server.rb:92:in `each'
  /usr/lib/ruby/1.8/webrick/server.rb:92:in `start'
  /usr/lib/ruby/1.8/webrick/server.rb:23:in `start'
  /usr/lib/ruby/1.8/webrick/server.rb:82:in `start'

Rendering rescues/layout (not_found)
  [4;36;1mSQL (0.1ms)[0m   [0;1mSET NAMES 'utf8'[0m
  [4;35;1mSQL (0.1ms)[0m   [0mSET SQL_AUTO_IS_NULL=0[0m


Processing UsersController#create (for 127.0.0.1 at 2009-04-26 17:09:08) [GET]
  [4;36;1mUser Columns (1.2ms)[0m   [0;1mSHOW FIELDS FROM `users`[0m
  [4;35;1mSQL (0.1ms)[0m   [0mBEGIN[0m
  [4;36;1mUser Exists (13.4ms)[0m   [0;1mSELECT `users`.id FROM `users` WHERE (`users`.`login` IS NULL) LIMIT 1[0m
  [4;35;1mUser Exists (0.2ms)[0m   [0mSELECT `users`.id FROM `users` WHERE (`users`.`email` IS NULL) LIMIT 1[0m
  [4;36;1mSQL (0.1ms)[0m   [0;1mROLLBACK[0m
Rendering users/new
Completed in 61ms (View: 8, DB: 15) | 200 OK [http://localhost/register]
  [4;35;1mSQL (0.1ms)[0m   [0mSET NAMES 'utf8'[0m
  [4;36;1mSQL (0.1ms)[0m   [0;1mSET SQL_AUTO_IS_NULL=0[0m


Processing UsersController#create (for 127.0.0.1 at 2009-04-26 17:09:22) [POST]
  Parameters: {"commit"=>"Sign up", "authenticity_token"=>"Y1AXEQg5lmH71VhBacw4YthrOvYfa2JUZzj65tw42aI=", "user"=>{"password_confirmation"=>"mononoke", "password"=>"mononoke", "login"=>"mucca", "email"=>"mucca@ngi.it"}}
  [4;35;1mUser Columns (2.8ms)[0m   [0mSHOW FIELDS FROM `users`[0m
  [4;36;1mSQL (0.1ms)[0m   [0;1mBEGIN[0m
  [4;35;1mUser Exists (35.5ms)[0m   [0mSELECT `users`.id FROM `users` WHERE (`users`.`login` = BINARY 'mucca') LIMIT 1[0m
  [4;36;1mUser Exists (0.1ms)[0m   [0;1mSELECT `users`.id FROM `users` WHERE (`users`.`email` = BINARY 'mucca@ngi.it') LIMIT 1[0m
  [4;35;1mUser Create (0.6ms)[0m   [0mINSERT INTO `users` (`name`, `salt`, `created_at`, `crypted_password`, `remember_token_expires_at`, `updated_at`, `remember_token`, `login`, `email`) VALUES('', '776972c8ef9cca486ec6587cf0bfe60a4020bfa6', '2009-04-26 15:09:22', 'ab486d467916ce1ddffb2ac9c6af1a37d27b28ff', NULL, '2009-04-26 15:09:22', NULL, 'mucca', 'mucca@ngi.it')[0m
  [4;36;1mSQL (0.6ms)[0m   [0;1mCOMMIT[0m
Redirected to http://localhost:3000/
Completed in 67ms (DB: 40) | 302 Found [http://localhost/users]
  [4;35;1mSQL (0.1ms)[0m   [0mSET NAMES 'utf8'[0m
  [4;36;1mSQL (0.1ms)[0m   [0;1mSET SQL_AUTO_IS_NULL=0[0m


Processing SessionsController#new (for 127.0.0.1 at 2009-04-26 17:09:33) [GET]
Rendering sessions/new
Completed in 10ms (View: 7, DB: 0) | 200 OK [http://localhost/login]
  [4;35;1mSQL (0.2ms)[0m   [0mSET NAMES 'utf8'[0m
  [4;36;1mSQL (0.2ms)[0m   [0;1mSET SQL_AUTO_IS_NULL=0[0m


Processing SessionsController#create (for 127.0.0.1 at 2009-04-26 17:09:37) [POST]
  Parameters: {"commit"=>"Log in", "authenticity_token"=>"Y1AXEQg5lmH71VhBacw4YthrOvYfa2JUZzj65tw42aI=", "login"=>"mucca", "password"=>"mononoke"}
  [4;35;1mUser Columns (1.2ms)[0m   [0mSHOW FIELDS FROM `users`[0m
  [4;36;1mUser Load (0.3ms)[0m   [0;1mSELECT * FROM `users` WHERE (`users`.`login` = 'mucca') LIMIT 1[0m
  [4;35;1mSQL (0.1ms)[0m   [0mBEGIN[0m
  [4;36;1mSQL (0.1ms)[0m   [0;1mCOMMIT[0m
Redirected to http://localhost:3000/
Completed in 71ms (DB: 2) | 302 Found [http://localhost/session]
  [4;36;1mSQL (0.1ms)[0m   [0;1mSET NAMES 'utf8'[0m
  [4;35;1mSQL (0.1ms)[0m   [0mSET SQL_AUTO_IS_NULL=0[0m
  [4;36;1mSQL (0.2ms)[0m   [0;1mSHOW TABLES[0m
  [4;35;1mSQL (0.1ms)[0m   [0mSELECT version FROM schema_migrations[0m
Migrating to CreateUsers (20090426150645)
Migrating to CreateExpenses (20090426151702)
  [4;36;1mSQL (52.4ms)[0m   [0;1mCREATE TABLE `expenses` (`id` int(11) DEFAULT NULL auto_increment PRIMARY KEY, `description` varchar(255), `amount` float, `creator_id` int(11), `created_at` datetime, `updated_at` datetime) ENGINE=InnoDB[0m
  [4;35;1mSQL (0.4ms)[0m   [0mINSERT INTO schema_migrations (version) VALUES ('20090426151702')[0m
  [4;36;1mSQL (0.3ms)[0m   [0;1mSHOW TABLES[0m
  [4;35;1mSQL (0.2ms)[0m   [0mSELECT version FROM schema_migrations[0m
  [4;36;1mSQL (0.2ms)[0m   [0;1mSHOW TABLES[0m
  [4;35;1mSQL (1.2ms)[0m   [0mSHOW FIELDS FROM `expenses`[0m
  [4;36;1mSQL (1.0ms)[0m   [0;1mdescribe `expenses`[0m
  [4;35;1mSQL (0.2ms)[0m   [0mSHOW KEYS FROM `expenses`[0m
  [4;36;1mSQL (3.9ms)[0m   [0;1mSHOW FIELDS FROM `users`[0m
  [4;35;1mSQL (1.4ms)[0m   [0mdescribe `users`[0m
  [4;36;1mSQL (0.3ms)[0m   [0;1mSHOW KEYS FROM `users`[0m
  [4;36;1mSQL (0.1ms)[0m   [0;1mSET NAMES 'utf8'[0m
  [4;35;1mSQL (0.1ms)[0m   [0mSET SQL_AUTO_IS_NULL=0[0m


Processing UsersController#index (for 127.0.0.1 at 2009-04-26 17:35:13) [GET]

ActionController::UnknownAction (No action responded to index. Actions: create and new):
  /usr/lib/ruby/1.8/webrick/httpserver.rb:104:in `service'
  /usr/lib/ruby/1.8/webrick/httpserver.rb:65:in `run'
  /usr/lib/ruby/1.8/webrick/server.rb:173:in `start_thread'
  /usr/lib/ruby/1.8/webrick/server.rb:162:in `start'
  /usr/lib/ruby/1.8/webrick/server.rb:162:in `start_thread'
  /usr/lib/ruby/1.8/webrick/server.rb:95:in `start'
  /usr/lib/ruby/1.8/webrick/server.rb:92:in `each'
  /usr/lib/ruby/1.8/webrick/server.rb:92:in `start'
  /usr/lib/ruby/1.8/webrick/server.rb:23:in `start'
  /usr/lib/ruby/1.8/webrick/server.rb:82:in `start'

Rendering rescues/layout (not_found)
  [4;36;1mSQL (0.1ms)[0m   [0;1mSET NAMES 'utf8'[0m
  [4;35;1mSQL (0.1ms)[0m   [0mSET SQL_AUTO_IS_NULL=0[0m


Processing UsersController#new (for 127.0.0.1 at 2009-04-26 17:35:22) [GET]
  [4;36;1mUser Columns (2.4ms)[0m   [0;1mSHOW FIELDS FROM `users`[0m
Rendering users/new
Completed in 21ms (View: 9, DB: 3) | 200 OK [http://localhost/users/new]
  [4;36;1mSQL (0.1ms)[0m   [0;1mSET NAMES 'utf8'[0m
  [4;35;1mSQL (0.1ms)[0m   [0mSET SQL_AUTO_IS_NULL=0[0m


Processing ExpensesController#index (for 127.0.0.1 at 2009-04-26 17:36:01) [GET]
  [4;36;1mExpense Load (0.3ms)[0m   [0;1mSELECT * FROM `expenses` [0m
Rendering template within layouts/expenses
Rendering expenses/index
Completed in 26ms (View: 10, DB: 0) | 200 OK [http://localhost/expenses]
  [4;35;1mSQL (0.1ms)[0m   [0mSET NAMES 'utf8'[0m
  [4;36;1mSQL (0.1ms)[0m   [0;1mSET SQL_AUTO_IS_NULL=0[0m


Processing ExpensesController#new (for 127.0.0.1 at 2009-04-26 17:36:07) [GET]
  [4;35;1mExpense Columns (1.0ms)[0m   [0mSHOW FIELDS FROM `expenses`[0m
Rendering template within layouts/expenses
Rendering expenses/new
Completed in 26ms (View: 10, DB: 1) | 200 OK [http://localhost/expenses/new]
  [4;36;1mSQL (0.1ms)[0m   [0;1mSET NAMES 'utf8'[0m
  [4;35;1mSQL (0.1ms)[0m   [0mSET SQL_AUTO_IS_NULL=0[0m
  [4;36;1mSQL (0.2ms)[0m   [0;1mSHOW TABLES[0m
  [4;35;1mSQL (0.1ms)[0m   [0mSELECT version FROM schema_migrations[0m
  [4;36;1mSQL (0.1ms)[0m   [0;1mSHOW TABLES[0m
  [4;35;1mSQL (0.0ms)[0m   [0mSELECT version FROM schema_migrations[0m
Migrating to CreateExpenses (20090426151702)
  [4;36;1mSQL (45.2ms)[0m   [0;1mDROP TABLE `expenses`[0m
  [4;35;1mSQL (0.8ms)[0m   [0mDELETE FROM schema_migrations WHERE version = '20090426151702'[0m
  [4;36;1mSQL (0.3ms)[0m   [0;1mSHOW TABLES[0m
  [4;35;1mSQL (0.2ms)[0m   [0mSELECT version FROM schema_migrations[0m
  [4;36;1mSQL (0.1ms)[0m   [0;1mSHOW TABLES[0m
  [4;35;1mSQL (1.3ms)[0m   [0mSHOW FIELDS FROM `users`[0m
  [4;36;1mSQL (1.2ms)[0m   [0;1mdescribe `users`[0m
  [4;35;1mSQL (0.3ms)[0m   [0mSHOW KEYS FROM `users`[0m
  [4;36;1mSQL (0.1ms)[0m   [0;1mSET NAMES 'utf8'[0m
  [4;35;1mSQL (0.1ms)[0m   [0mSET SQL_AUTO_IS_NULL=0[0m
  [4;36;1mSQL (0.2ms)[0m   [0;1mSHOW TABLES[0m
  [4;35;1mSQL (0.1ms)[0m   [0mSELECT version FROM schema_migrations[0m
Migrating to CreateUsers (20090426150645)
Migrating to CreateExpenses (20090426151702)
  [4;36;1mSQL (41.3ms)[0m   [0;1mCREATE TABLE `expenses` (`id` int(11) DEFAULT NULL auto_increment PRIMARY KEY, `description` varchar(255), `amount` float, `creator_id` int(11), `created_at` datetime, `updated_at` datetime) ENGINE=InnoDB[0m
  [4;35;1mSQL (0.4ms)[0m   [0mINSERT INTO schema_migrations (version) VALUES ('20090426151702')[0m
  [4;36;1mSQL (0.2ms)[0m   [0;1mSHOW TABLES[0m
  [4;35;1mSQL (0.1ms)[0m   [0mSELECT version FROM schema_migrations[0m
  [4;36;1mSQL (0.1ms)[0m   [0;1mSHOW TABLES[0m
  [4;35;1mSQL (0.9ms)[0m   [0mSHOW FIELDS FROM `expenses`[0m
  [4;36;1mSQL (0.8ms)[0m   [0;1mdescribe `expenses`[0m
  [4;35;1mSQL (0.2ms)[0m   [0mSHOW KEYS FROM `expenses`[0m
  [4;36;1mSQL (1.0ms)[0m   [0;1mSHOW FIELDS FROM `users`[0m
  [4;35;1mSQL (0.9ms)[0m   [0mdescribe `users`[0m
  [4;36;1mSQL (0.2ms)[0m   [0;1mSHOW KEYS FROM `users`[0m
  [4;36;1mSQL (0.1ms)[0m   [0;1mSET NAMES 'utf8'[0m
  [4;35;1mSQL (0.1ms)[0m   [0mSET SQL_AUTO_IS_NULL=0[0m
  [4;36;1mSQL (0.2ms)[0m   [0;1mSHOW TABLES[0m
  [4;35;1mSQL (0.1ms)[0m   [0mSELECT version FROM schema_migrations[0m
  [4;36;1mSQL (0.1ms)[0m   [0;1mSHOW TABLES[0m
  [4;35;1mSQL (0.0ms)[0m   [0mSELECT version FROM schema_migrations[0m
Migrating to CreateExpenses (20090426151702)
  [4;36;1mSQL (38.5ms)[0m   [0;1mDROP TABLE `expenses`[0m
  [4;35;1mSQL (0.8ms)[0m   [0mDELETE FROM schema_migrations WHERE version = '20090426151702'[0m
  [4;36;1mSQL (0.2ms)[0m   [0;1mSHOW TABLES[0m
  [4;35;1mSQL (0.1ms)[0m   [0mSELECT version FROM schema_migrations[0m
  [4;36;1mSQL (0.1ms)[0m   [0;1mSHOW TABLES[0m
  [4;35;1mSQL (1.0ms)[0m   [0mSHOW FIELDS FROM `users`[0m
  [4;36;1mSQL (0.9ms)[0m   [0;1mdescribe `users`[0m
  [4;35;1mSQL (0.2ms)[0m   [0mSHOW KEYS FROM `users`[0m
  [4;36;1mSQL (0.1ms)[0m   [0;1mSET NAMES 'utf8'[0m
  [4;35;1mSQL (0.1ms)[0m   [0mSET SQL_AUTO_IS_NULL=0[0m
  [4;36;1mSQL (0.2ms)[0m   [0;1mSHOW TABLES[0m
  [4;35;1mSQL (0.1ms)[0m   [0mSELECT version FROM schema_migrations[0m
Migrating to CreateUsers (20090426150645)
Migrating to CreateExpenses (20090426151702)
  [4;36;1mSQL (7.1ms)[0m   [0;1mCREATE TABLE `expenses` (`id` int(11) DEFAULT NULL auto_increment PRIMARY KEY, `description` varchar(255), `amount` float, `creator_id` int(11), `created_at` datetime, `updated_at` datetime) ENGINE=InnoDB[0m
  [4;35;1mSQL (0.3ms)[0m   [0mINSERT INTO schema_migrations (version) VALUES ('20090426151702')[0m
  [4;36;1mSQL (0.2ms)[0m   [0;1mSHOW TABLES[0m
  [4;35;1mSQL (0.1ms)[0m   [0mSELECT version FROM schema_migrations[0m
  [4;36;1mSQL (0.1ms)[0m   [0;1mSHOW TABLES[0m
  [4;35;1mSQL (0.9ms)[0m   [0mSHOW FIELDS FROM `expenses`[0m
  [4;36;1mSQL (0.8ms)[0m   [0;1mdescribe `expenses`[0m
  [4;35;1mSQL (0.2ms)[0m   [0mSHOW KEYS FROM `expenses`[0m
  [4;36;1mSQL (1.5ms)[0m   [0;1mSHOW FIELDS FROM `users`[0m
  [4;35;1mSQL (1.0ms)[0m   [0mdescribe `users`[0m
  [4;36;1mSQL (0.2ms)[0m   [0;1mSHOW KEYS FROM `users`[0m
  [4;36;1mSQL (0.1ms)[0m   [0;1mSET NAMES 'utf8'[0m
  [4;35;1mSQL (0.1ms)[0m   [0mSET SQL_AUTO_IS_NULL=0[0m
  [4;36;1mSQL (0.2ms)[0m   [0;1mSHOW TABLES[0m
  [4;35;1mExpense Columns (0.9ms)[0m   [0mSHOW FIELDS FROM `expenses`[0m
  [4;36;1mUser Load (0.2ms)[0m   [0;1mSELECT * FROM `users` LIMIT 1[0m
  [4;35;1mUser Load (0.7ms)[0m   [0mSELECT * FROM `users` LIMIT 1[0m
  [4;36;1mUser Columns (2.6ms)[0m   [0;1mSHOW FIELDS FROM `users`[0m
  [4;35;1mSQL (0.2ms)[0m   [0mBEGIN[0m
  [4;36;1mSQL (0.2ms)[0m   [0;1mROLLBACK[0m
  [4;35;1mSQL (0.1ms)[0m   [0mBEGIN[0m
  [4;36;1mExpense Create (30.5ms)[0m   [0;1mINSERT INTO `expenses` (`created_at`, `updated_at`, `amount`, `creator_id`, `description`) VALUES('2009-04-26 16:01:00', '2009-04-26 16:01:00', 200.0, 1, 'descrizione')[0m
  [4;35;1mSQL (0.8ms)[0m   [0mCOMMIT[0m
  [4;36;1mSQL (0.1ms)[0m   [0;1mSET NAMES 'utf8'[0m
  [4;35;1mSQL (0.1ms)[0m   [0mSET SQL_AUTO_IS_NULL=0[0m


Processing ExpensesController#index (for 127.0.0.1 at 2009-04-26 18:01:10) [GET]
  [4;36;1mExpense Load (0.3ms)[0m   [0;1mSELECT * FROM `expenses` [0m
Rendering template within layouts/expenses
Rendering expenses/index
  [4;35;1mExpense Columns (1.0ms)[0m   [0mSHOW FIELDS FROM `expenses`[0m
Completed in 18ms (View: 5, DB: 1) | 200 OK [http://localhost/expenses/]
  [4;36;1mSQL (0.1ms)[0m   [0;1mSET NAMES 'utf8'[0m
  [4;35;1mSQL (0.1ms)[0m   [0mSET SQL_AUTO_IS_NULL=0[0m


Processing ExpensesController#show (for 127.0.0.1 at 2009-04-26 18:01:13) [GET]
  Parameters: {"id"=>"1"}
  [4;36;1mExpense Columns (1.5ms)[0m   [0;1mSHOW FIELDS FROM `expenses`[0m
  [4;35;1mExpense Load (0.2ms)[0m   [0mSELECT * FROM `expenses` WHERE (`expenses`.`id` = 1) [0m
Rendering template within layouts/expenses
Rendering expenses/show
Completed in 38ms (View: 6, DB: 2) | 200 OK [http://localhost/expenses/1]
  [4;36;1mSQL (0.1ms)[0m   [0;1mSET NAMES 'utf8'[0m
  [4;35;1mSQL (0.1ms)[0m   [0mSET SQL_AUTO_IS_NULL=0[0m


Processing ExpensesController#show (for 127.0.0.1 at 2009-04-26 18:02:50) [GET]
  Parameters: {"id"=>"1"}
  [4;36;1mExpense Columns (1.0ms)[0m   [0;1mSHOW FIELDS FROM `expenses`[0m
  [4;35;1mExpense Load (0.1ms)[0m   [0mSELECT * FROM `expenses` WHERE (`expenses`.`id` = 1) [0m
Rendering template within layouts/expenses
Rendering expenses/show

ActionView::TemplateError (can't convert Class into String) on line #3 of app/views/expenses/show.html.erb:
1: <p>
2:   <b>Description:</b>
3:   <%=h @expense.creator %>
4: </p>
5: 
6: 

    app/views/expenses/show.html.erb:3
    app/controllers/expenses_controller.rb:18:in `show'
    /usr/lib/ruby/1.8/webrick/httpserver.rb:104:in `service'
    /usr/lib/ruby/1.8/webrick/httpserver.rb:65:in `run'
    /usr/lib/ruby/1.8/webrick/server.rb:173:in `start_thread'
    /usr/lib/ruby/1.8/webrick/server.rb:162:in `start'
    /usr/lib/ruby/1.8/webrick/server.rb:162:in `start_thread'
    /usr/lib/ruby/1.8/webrick/server.rb:95:in `start'
    /usr/lib/ruby/1.8/webrick/server.rb:92:in `each'
    /usr/lib/ruby/1.8/webrick/server.rb:92:in `start'
    /usr/lib/ruby/1.8/webrick/server.rb:23:in `start'
    /usr/lib/ruby/1.8/webrick/server.rb:82:in `start'

Rendered rescues/_trace (66.1ms)
Rendered rescues/_request_and_response (1.4ms)
Rendering rescues/layout (internal_server_error)
  [4;36;1mSQL (0.1ms)[0m   [0;1mSET NAMES 'utf8'[0m
  [4;35;1mSQL (0.1ms)[0m   [0mSET SQL_AUTO_IS_NULL=0[0m


Processing ExpensesController#show (for 127.0.0.1 at 2009-04-26 18:02:56) [GET]
  Parameters: {"id"=>"1"}
  [4;36;1mExpense Columns (1.1ms)[0m   [0;1mSHOW FIELDS FROM `expenses`[0m
  [4;35;1mExpense Load (0.1ms)[0m   [0mSELECT * FROM `expenses` WHERE (`expenses`.`id` = 1) [0m
Rendering template within layouts/expenses
Rendering expenses/show

ActionView::TemplateError (can't convert Class into String) on line #3 of app/views/expenses/show.html.erb:
1: <p>
2:   <b>Description:</b>
3:   <%=h @expense.creator.login %>
4: </p>
5: 
6: 

    app/views/expenses/show.html.erb:3
    app/controllers/expenses_controller.rb:18:in `show'
    /usr/lib/ruby/1.8/webrick/httpserver.rb:104:in `service'
    /usr/lib/ruby/1.8/webrick/httpserver.rb:65:in `run'
    /usr/lib/ruby/1.8/webrick/server.rb:173:in `start_thread'
    /usr/lib/ruby/1.8/webrick/server.rb:162:in `start'
    /usr/lib/ruby/1.8/webrick/server.rb:162:in `start_thread'
    /usr/lib/ruby/1.8/webrick/server.rb:95:in `start'
    /usr/lib/ruby/1.8/webrick/server.rb:92:in `each'
    /usr/lib/ruby/1.8/webrick/server.rb:92:in `start'
    /usr/lib/ruby/1.8/webrick/server.rb:23:in `start'
    /usr/lib/ruby/1.8/webrick/server.rb:82:in `start'

Rendered rescues/_trace (127.7ms)
Rendered rescues/_request_and_response (0.3ms)
Rendering rescues/layout (internal_server_error)
  [4;36;1mSQL (0.2ms)[0m   [0;1mSET NAMES 'utf8'[0m
  [4;35;1mSQL (0.1ms)[0m   [0mSET SQL_AUTO_IS_NULL=0[0m
  [4;36;1mSQL (0.5ms)[0m   [0;1mSHOW TABLES[0m
  [4;35;1mUser Columns (2.5ms)[0m   [0mSHOW FIELDS FROM `users`[0m
  [4;36;1mExpense Load (4.6ms)[0m   [0;1mSELECT * FROM `expenses` [0m
  [4;35;1mExpense Columns (1.8ms)[0m   [0mSHOW FIELDS FROM `expenses`[0m
  [4;36;1mExpense Load (0.5ms)[0m   [0;1mSELECT * FROM `expenses` LIMIT 1[0m
  [4;35;1mExpense Load (0.3ms)[0m   [0mSELECT * FROM `expenses` LIMIT 1[0m
  [4;36;1mExpense Load (0.2ms)[0m   [0;1mSELECT * FROM `expenses` LIMIT 1[0m
  [4;36;1mSQL (0.1ms)[0m   [0;1mSET NAMES 'utf8'[0m
  [4;35;1mSQL (0.1ms)[0m   [0mSET SQL_AUTO_IS_NULL=0[0m


Processing ExpensesController#show (for 127.0.0.1 at 2009-04-26 18:07:50) [GET]
  Parameters: {"id"=>"1"}
  [4;36;1mExpense Columns (1.0ms)[0m   [0;1mSHOW FIELDS FROM `expenses`[0m
  [4;35;1mExpense Load (0.1ms)[0m   [0mSELECT * FROM `expenses` WHERE (`expenses`.`id` = 1) [0m
Rendering template within layouts/expenses
Rendering expenses/show
Completed in 22ms (View: 6, DB: 1) | 200 OK [http://localhost/expenses/1]
  [4;36;1mSQL (0.2ms)[0m   [0;1mSET NAMES 'utf8'[0m
  [4;35;1mSQL (0.2ms)[0m   [0mSET SQL_AUTO_IS_NULL=0[0m
  [4;36;1mUser Load (0.2ms)[0m   [0;1mSELECT * FROM `users` LIMIT 1[0m
  [4;35;1mUser Columns (2.6ms)[0m   [0mSHOW FIELDS FROM `users`[0m
  [4;36;1mUser Load (0.3ms)[0m   [0;1mSELECT * FROM `users` LIMIT 1[0m
  [4;35;1mUser Load (0.1ms)[0m   [0mSELECT * FROM `users` LIMIT 1[0m
  [4;36;1mExpense Load (0.0ms)[0m   [0;1mMysql::Error: Unknown column 'expenses.user_id' in 'where clause': SELECT * FROM `expenses` WHERE (`expenses`.user_id = 1) [0m
  [4;36;1mSQL (0.2ms)[0m   [0;1mSET NAMES 'utf8'[0m
  [4;35;1mSQL (0.1ms)[0m   [0mSET SQL_AUTO_IS_NULL=0[0m
  [4;36;1mUser Load (0.2ms)[0m   [0;1mSELECT * FROM `users` LIMIT 1[0m
  [4;35;1mUser Columns (2.6ms)[0m   [0mSHOW FIELDS FROM `users`[0m
  [4;36;1mExpense Load (0.6ms)[0m   [0;1mSELECT * FROM `expenses` WHERE (`expenses`.creator_id = 1) [0m
  [4;35;1mExpense Columns (2.2ms)[0m   [0mSHOW FIELDS FROM `expenses`[0m
  [4;36;1mSQL (0.2ms)[0m   [0;1mSET NAMES 'utf8'[0m
  [4;35;1mSQL (0.1ms)[0m   [0mSET SQL_AUTO_IS_NULL=0[0m


Processing ExpensesController#show (for 127.0.0.1 at 2009-04-26 18:12:59) [GET]
  Parameters: {"id"=>"1"}
  [4;36;1mExpense Columns (1.1ms)[0m   [0;1mSHOW FIELDS FROM `expenses`[0m
  [4;35;1mExpense Load (0.1ms)[0m   [0mSELECT * FROM `expenses` WHERE (`expenses`.`id` = 1) [0m
Rendering template within layouts/expenses
Rendering expenses/show

ActionView::TemplateError (can't convert Class into String) on line #3 of app/views/expenses/show.html.erb:
1: <p>
2:   <b>Description:</b>
3:   <%=h @expense.creator %>
4: </p>
5: 
6: 

    app/views/expenses/show.html.erb:3
    app/controllers/expenses_controller.rb:18:in `show'
    /usr/lib/ruby/1.8/webrick/httpserver.rb:104:in `service'
    /usr/lib/ruby/1.8/webrick/httpserver.rb:65:in `run'
    /usr/lib/ruby/1.8/webrick/server.rb:173:in `start_thread'
    /usr/lib/ruby/1.8/webrick/server.rb:162:in `start'
    /usr/lib/ruby/1.8/webrick/server.rb:162:in `start_thread'
    /usr/lib/ruby/1.8/webrick/server.rb:95:in `start'
    /usr/lib/ruby/1.8/webrick/server.rb:92:in `each'
    /usr/lib/ruby/1.8/webrick/server.rb:92:in `start'
    /usr/lib/ruby/1.8/webrick/server.rb:23:in `start'
    /usr/lib/ruby/1.8/webrick/server.rb:82:in `start'

Rendered rescues/_trace (60.8ms)
Rendered rescues/_request_and_response (0.3ms)
Rendering rescues/layout (internal_server_error)
  [4;36;1mExpense Load (0.2ms)[0m   [0;1mSELECT * FROM `expenses` LIMIT 1[0m
  [4;35;1mExpense Load (0.2ms)[0m   [0mSELECT * FROM `expenses` LIMIT 1[0m
  [4;36;1mExpense Load (0.2ms)[0m   [0;1mSELECT * FROM `expenses` LIMIT 1[0m
  [4;35;1mExpense Load (0.1ms)[0m   [0mSELECT * FROM `expenses` LIMIT 1[0m
  [4;36;1mSQL (0.2ms)[0m   [0;1mSET NAMES 'utf8'[0m
  [4;35;1mSQL (0.2ms)[0m   [0mSET SQL_AUTO_IS_NULL=0[0m
  [4;36;1mExpense Load (0.2ms)[0m   [0;1mSELECT * FROM `expenses` LIMIT 1[0m
  [4;35;1mExpense Load (0.3ms)[0m   [0mSELECT * FROM `expenses` LIMIT 1[0m
  [4;36;1mSQL (0.2ms)[0m   [0;1mSET NAMES 'utf8'[0m
  [4;35;1mSQL (0.1ms)[0m   [0mSET SQL_AUTO_IS_NULL=0[0m
  [4;36;1mExpense Load (0.2ms)[0m   [0;1mSELECT * FROM `expenses` LIMIT 1[0m
  [4;36;1mSQL (0.1ms)[0m   [0;1mSET NAMES 'utf8'[0m
  [4;35;1mSQL (0.1ms)[0m   [0mSET SQL_AUTO_IS_NULL=0[0m
  [4;36;1mSQL (0.2ms)[0m   [0;1mSHOW TABLES[0m
  [4;35;1mSQL (0.1ms)[0m   [0mSELECT version FROM schema_migrations[0m
  [4;36;1mSQL (0.1ms)[0m   [0;1mSHOW TABLES[0m
  [4;35;1mSQL (0.1ms)[0m   [0mSELECT version FROM schema_migrations[0m
Migrating to CreateExpenses (20090426151702)
  [4;36;1mSQL (1.2ms)[0m   [0;1mDROP TABLE `expenses`[0m
  [4;35;1mSQL (34.8ms)[0m   [0mDELETE FROM schema_migrations WHERE version = '20090426151702'[0m
  [4;36;1mSQL (5.0ms)[0m   [0;1mSHOW TABLES[0m
  [4;35;1mSQL (0.2ms)[0m   [0mSELECT version FROM schema_migrations[0m
  [4;36;1mSQL (0.2ms)[0m   [0;1mSHOW TABLES[0m
  [4;35;1mSQL (1.0ms)[0m   [0mSHOW FIELDS FROM `users`[0m
  [4;36;1mSQL (0.9ms)[0m   [0;1mdescribe `users`[0m
  [4;35;1mSQL (0.3ms)[0m   [0mSHOW KEYS FROM `users`[0m
  [4;36;1mSQL (0.1ms)[0m   [0;1mSET NAMES 'utf8'[0m
  [4;35;1mSQL (0.1ms)[0m   [0mSET SQL_AUTO_IS_NULL=0[0m
  [4;36;1mSQL (0.2ms)[0m   [0;1mSHOW TABLES[0m
  [4;35;1mSQL (0.1ms)[0m   [0mSELECT version FROM schema_migrations[0m
Migrating to CreateUsers (20090426150645)
Migrating to CreateExpenses (20090426151702)
  [4;36;1mSQL (4.9ms)[0m   [0;1mCREATE TABLE `expenses` (`id` int(11) DEFAULT NULL auto_increment PRIMARY KEY, `description` varchar(255), `amount` float, `creator_id` int(11), `user_id` int(11), `created_at` datetime, `updated_at` datetime) ENGINE=InnoDB[0m
  [4;35;1mSQL (0.7ms)[0m   [0mINSERT INTO schema_migrations (version) VALUES ('20090426151702')[0m
  [4;36;1mSQL (0.2ms)[0m   [0;1mSHOW TABLES[0m
  [4;35;1mSQL (0.1ms)[0m   [0mSELECT version FROM schema_migrations[0m
  [4;36;1mSQL (0.1ms)[0m   [0;1mSHOW TABLES[0m
  [4;35;1mSQL (1.2ms)[0m   [0mSHOW FIELDS FROM `expenses`[0m
  [4;36;1mSQL (0.9ms)[0m   [0;1mdescribe `expenses`[0m
  [4;35;1mSQL (0.2ms)[0m   [0mSHOW KEYS FROM `expenses`[0m
  [4;36;1mSQL (1.0ms)[0m   [0;1mSHOW FIELDS FROM `users`[0m
  [4;35;1mSQL (0.9ms)[0m   [0mdescribe `users`[0m
  [4;36;1mSQL (0.2ms)[0m   [0;1mSHOW KEYS FROM `users`[0m
  [4;36;1mSQL (0.2ms)[0m   [0;1mSET NAMES 'utf8'[0m
  [4;35;1mSQL (0.1ms)[0m   [0mSET SQL_AUTO_IS_NULL=0[0m
  [4;36;1mSQL (0.4ms)[0m   [0;1mSHOW TABLES[0m
  [4;35;1mExpense Columns (2.2ms)[0m   [0mSHOW FIELDS FROM `expenses`[0m
  [4;36;1mExpense Load (0.5ms)[0m   [0;1mSELECT * FROM `expenses` LIMIT 1[0m
  [4;35;1mUser Load (1.2ms)[0m   [0mSELECT * FROM `users` LIMIT 1[0m
  [4;36;1mUser Columns (2.6ms)[0m   [0;1mSHOW FIELDS FROM `users`[0m
  [4;35;1mSQL (0.2ms)[0m   [0mBEGIN[0m
  [4;36;1mSQL (0.2ms)[0m   [0;1mROLLBACK[0m
  [4;35;1mSQL (0.2ms)[0m   [0mBEGIN[0m
  [4;36;1mExpense Create (0.6ms)[0m   [0;1mINSERT INTO `expenses` (`created_at`, `updated_at`, `amount`, `creator_id`, `user_id`, `description`) VALUES('2009-04-26 16:24:19', '2009-04-26 16:24:19', 200.0, NULL, 1, 'asd')[0m
  [4;35;1mSQL (0.5ms)[0m   [0mCOMMIT[0m
  [4;36;1mSQL (0.1ms)[0m   [0;1mSET NAMES 'utf8'[0m
  [4;35;1mSQL (0.1ms)[0m   [0mSET SQL_AUTO_IS_NULL=0[0m


Processing ExpensesController#index (for 127.0.0.1 at 2009-04-26 18:24:26) [GET]
  [4;36;1mExpense Load (0.3ms)[0m   [0;1mSELECT * FROM `expenses` [0m
Rendering template within layouts/expenses
Rendering expenses/index
  [4;35;1mExpense Columns (1.0ms)[0m   [0mSHOW FIELDS FROM `expenses`[0m
Completed in 20ms (View: 5, DB: 1) | 200 OK [http://localhost/expenses/]
  [4;36;1mSQL (1.6ms)[0m   [0;1mSET NAMES 'utf8'[0m
  [4;35;1mSQL (0.1ms)[0m   [0mSET SQL_AUTO_IS_NULL=0[0m


Processing ExpensesController#show (for 127.0.0.1 at 2009-04-26 18:24:28) [GET]
  Parameters: {"id"=>"1"}
  [4;36;1mExpense Columns (1.1ms)[0m   [0;1mSHOW FIELDS FROM `expenses`[0m
  [4;35;1mExpense Load (0.2ms)[0m   [0mSELECT * FROM `expenses` WHERE (`expenses`.`id` = 1) [0m
Rendering template within layouts/expenses
Rendering expenses/show
  [4;36;1mUser Columns (1.2ms)[0m   [0;1mSHOW FIELDS FROM `users`[0m
  [4;35;1mUser Load (0.3ms)[0m   [0mSELECT * FROM `users` WHERE (`users`.`id` = 1) [0m
Completed in 36ms (View: 18, DB: 4) | 200 OK [http://localhost/expenses/1]
  [4;36;1mSQL (0.2ms)[0m   [0;1mSET NAMES 'utf8'[0m
  [4;35;1mSQL (0.1ms)[0m   [0mSET SQL_AUTO_IS_NULL=0[0m
  [4;36;1mExpense Load (0.5ms)[0m   [0;1mSELECT * FROM `expenses` LIMIT 1[0m
  [4;35;1mExpense Load (0.1ms)[0m   [0mSELECT * FROM `expenses` LIMIT 1[0m
  [4;36;1mExpense Columns (2.4ms)[0m   [0;1mSHOW FIELDS FROM `expenses`[0m
  [4;35;1mUser Columns (2.6ms)[0m   [0mSHOW FIELDS FROM `users`[0m
  [4;36;1mUser Load (0.2ms)[0m   [0;1mSELECT * FROM `users` WHERE (`users`.`id` = 1) [0m
  [4;36;1mSQL (0.1ms)[0m   [0;1mSET NAMES 'utf8'[0m
  [4;35;1mSQL (0.1ms)[0m   [0mSET SQL_AUTO_IS_NULL=0[0m
  [4;36;1mSQL (0.2ms)[0m   [0;1mSHOW TABLES[0m
  [4;35;1mSQL (0.1ms)[0m   [0mSELECT version FROM schema_migrations[0m
  [4;36;1mSQL (0.1ms)[0m   [0;1mSHOW TABLES[0m
  [4;35;1mSQL (0.1ms)[0m   [0mSELECT version FROM schema_migrations[0m
Migrating to CreateExpenses (20090426151702)
  [4;36;1mSQL (1.2ms)[0m   [0;1mDROP TABLE `expenses`[0m
  [4;35;1mSQL (0.4ms)[0m   [0mDELETE FROM schema_migrations WHERE version = '20090426151702'[0m
  [4;36;1mSQL (0.2ms)[0m   [0;1mSHOW TABLES[0m
  [4;35;1mSQL (0.1ms)[0m   [0mSELECT version FROM schema_migrations[0m
  [4;36;1mSQL (0.1ms)[0m   [0;1mSHOW TABLES[0m
  [4;35;1mSQL (1.0ms)[0m   [0mSHOW FIELDS FROM `users`[0m
  [4;36;1mSQL (0.9ms)[0m   [0;1mdescribe `users`[0m
  [4;35;1mSQL (0.2ms)[0m   [0mSHOW KEYS FROM `users`[0m
  [4;36;1mSQL (0.1ms)[0m   [0;1mSET NAMES 'utf8'[0m
  [4;35;1mSQL (0.1ms)[0m   [0mSET SQL_AUTO_IS_NULL=0[0m
  [4;36;1mSQL (0.2ms)[0m   [0;1mSHOW TABLES[0m
  [4;35;1mSQL (0.1ms)[0m   [0mSELECT version FROM schema_migrations[0m
Migrating to CreateUsers (20090426150645)
Migrating to CreateExpenses (20090426151702)
  [4;36;1mSQL (45.9ms)[0m   [0;1mCREATE TABLE `expenses` (`id` int(11) DEFAULT NULL auto_increment PRIMARY KEY, `description` varchar(255), `amount` float, `creator_id` int(11), `created_at` datetime, `updated_at` datetime) ENGINE=InnoDB[0m
  [4;35;1mSQL (0.4ms)[0m   [0mINSERT INTO schema_migrations (version) VALUES ('20090426151702')[0m
  [4;36;1mSQL (0.2ms)[0m   [0;1mSHOW TABLES[0m
  [4;35;1mSQL (0.1ms)[0m   [0mSELECT version FROM schema_migrations[0m
  [4;36;1mSQL (0.1ms)[0m   [0;1mSHOW TABLES[0m
  [4;35;1mSQL (0.9ms)[0m   [0mSHOW FIELDS FROM `expenses`[0m
  [4;36;1mSQL (0.8ms)[0m   [0;1mdescribe `expenses`[0m
  [4;35;1mSQL (0.2ms)[0m   [0mSHOW KEYS FROM `expenses`[0m
  [4;36;1mSQL (1.0ms)[0m   [0;1mSHOW FIELDS FROM `users`[0m
  [4;35;1mSQL (1.0ms)[0m   [0mdescribe `users`[0m
  [4;36;1mSQL (0.2ms)[0m   [0;1mSHOW KEYS FROM `users`[0m
  [4;36;1mSQL (0.1ms)[0m   [0;1mSET NAMES 'utf8'[0m
  [4;35;1mSQL (0.1ms)[0m   [0mSET SQL_AUTO_IS_NULL=0[0m


Processing ExpensesController#index (for 127.0.0.1 at 2009-04-26 18:27:27) [GET]
  [4;36;1mExpense Load (0.3ms)[0m   [0;1mSELECT * FROM `expenses` [0m
Rendering template within layouts/expenses
Rendering expenses/index
Completed in 8ms (View: 1, DB: 0) | 200 OK [http://localhost/expenses/]
  [4;35;1mSQL (0.2ms)[0m   [0mSET NAMES 'utf8'[0m
  [4;36;1mSQL (0.2ms)[0m   [0;1mSET SQL_AUTO_IS_NULL=0[0m


Processing ExpensesController#new (for 127.0.0.1 at 2009-04-26 18:27:29) [GET]
  [4;35;1mExpense Columns (1.1ms)[0m   [0mSHOW FIELDS FROM `expenses`[0m
Rendering template within layouts/expenses
Rendering expenses/new
Completed in 12ms (View: 4, DB: 1) | 200 OK [http://localhost/expenses/new]
  [4;36;1mSQL (0.2ms)[0m   [0;1mSET NAMES 'utf8'[0m
  [4;35;1mSQL (0.1ms)[0m   [0mSET SQL_AUTO_IS_NULL=0[0m


Processing ExpensesController#new (for 127.0.0.1 at 2009-04-26 18:32:40) [GET]
  [4;36;1mExpense Columns (2.4ms)[0m   [0;1mSHOW FIELDS FROM `expenses`[0m
Rendering template within layouts/expenses
Rendering expenses/new
Completed in 23ms (View: 5, DB: 3) | 200 OK [http://localhost/expenses/new]
  [4;35;1mSQL (0.2ms)[0m   [0mSET NAMES 'utf8'[0m
  [4;36;1mSQL (0.2ms)[0m   [0;1mSET SQL_AUTO_IS_NULL=0[0m


Processing ExpensesController#create (for 127.0.0.1 at 2009-04-26 18:32:46) [POST]
  Parameters: {"commit"=>"Create", "expense"=>{"amount"=>"100", "description"=>"asd"}, "authenticity_token"=>"Y1AXEQg5lmH71VhBacw4YthrOvYfa2JUZzj65tw42aI="}
  [4;35;1mExpense Columns (2.5ms)[0m   [0mSHOW FIELDS FROM `expenses`[0m
  [4;36;1mSQL (0.1ms)[0m   [0;1mBEGIN[0m
  [4;35;1mExpense Create (0.2ms)[0m   [0mINSERT INTO `expenses` (`created_at`, `updated_at`, `amount`, `creator_id`, `description`) VALUES('2009-04-26 16:32:46', '2009-04-26 16:32:46', 100.0, NULL, 'asd')[0m
  [4;36;1mSQL (0.4ms)[0m   [0;1mCOMMIT[0m
Redirected to http://localhost:3000/expenses/1
Completed in 22ms (DB: 4) | 302 Found [http://localhost/expenses]
  [4;35;1mSQL (0.1ms)[0m   [0mSET NAMES 'utf8'[0m
  [4;36;1mSQL (0.1ms)[0m   [0;1mSET SQL_AUTO_IS_NULL=0[0m


Processing ExpensesController#show (for 127.0.0.1 at 2009-04-26 18:32:46) [GET]
  Parameters: {"id"=>"1"}
  [4;35;1mExpense Columns (1.0ms)[0m   [0mSHOW FIELDS FROM `expenses`[0m
  [4;36;1mExpense Load (0.8ms)[0m   [0;1mSELECT * FROM `expenses` WHERE (`expenses`.`id` = 1) [0m
Rendering template within layouts/expenses
Rendering expenses/show

ActionView::TemplateError (You have a nil object when you didn't expect it!
The error occurred while evaluating nil.login) on line #3 of app/views/expenses/show.html.erb:
1: <p>
2:   <b>Description:</b>
3:   <%=h @expense.creator.login %>
4: </p>
5: 
6: 

    app/views/expenses/show.html.erb:3
    app/controllers/expenses_controller.rb:18:in `show'
    /usr/lib/ruby/1.8/webrick/httpserver.rb:104:in `service'
    /usr/lib/ruby/1.8/webrick/httpserver.rb:65:in `run'
    /usr/lib/ruby/1.8/webrick/server.rb:173:in `start_thread'
    /usr/lib/ruby/1.8/webrick/server.rb:162:in `start'
    /usr/lib/ruby/1.8/webrick/server.rb:162:in `start_thread'
    /usr/lib/ruby/1.8/webrick/server.rb:95:in `start'
    /usr/lib/ruby/1.8/webrick/server.rb:92:in `each'
    /usr/lib/ruby/1.8/webrick/server.rb:92:in `start'
    /usr/lib/ruby/1.8/webrick/server.rb:23:in `start'
    /usr/lib/ruby/1.8/webrick/server.rb:82:in `start'

Rendered rescues/_trace (56.4ms)
Rendered rescues/_request_and_response (0.3ms)
Rendering rescues/layout (internal_server_error)
  [4;35;1mSQL (0.1ms)[0m   [0mSET NAMES 'utf8'[0m
  [4;36;1mSQL (0.2ms)[0m   [0;1mSET SQL_AUTO_IS_NULL=0[0m


Processing ExpensesController#create (for 127.0.0.1 at 2009-04-26 18:35:44) [POST]
  Parameters: {"commit"=>"Create", "expense"=>{"amount"=>"100", "description"=>"asd"}, "authenticity_token"=>"Y1AXEQg5lmH71VhBacw4YthrOvYfa2JUZzj65tw42aI="}

ArgumentError (wrong number of arguments (2 for 1)):
  app/controllers/expenses_controller.rb:43:in `initialize'
  app/controllers/expenses_controller.rb:43:in `new'
  app/controllers/expenses_controller.rb:43:in `create'
  /usr/lib/ruby/1.8/webrick/httpserver.rb:104:in `service'
  /usr/lib/ruby/1.8/webrick/httpserver.rb:65:in `run'
  /usr/lib/ruby/1.8/webrick/server.rb:173:in `start_thread'
  /usr/lib/ruby/1.8/webrick/server.rb:162:in `start'
  /usr/lib/ruby/1.8/webrick/server.rb:162:in `start_thread'
  /usr/lib/ruby/1.8/webrick/server.rb:95:in `start'
  /usr/lib/ruby/1.8/webrick/server.rb:92:in `each'
  /usr/lib/ruby/1.8/webrick/server.rb:92:in `start'
  /usr/lib/ruby/1.8/webrick/server.rb:23:in `start'
  /usr/lib/ruby/1.8/webrick/server.rb:82:in `start'

Rendered rescues/_trace (41.0ms)
Rendered rescues/_request_and_response (0.4ms)
Rendering rescues/layout (internal_server_error)
  [4;35;1mSQL (0.1ms)[0m   [0mSET NAMES 'utf8'[0m
  [4;36;1mSQL (0.1ms)[0m   [0;1mSET SQL_AUTO_IS_NULL=0[0m


Processing ExpensesController#create (for 127.0.0.1 at 2009-04-26 18:36:25) [POST]
  Parameters: {"commit"=>"Create", "expense"=>{"amount"=>"100", "description"=>"asd"}, "authenticity_token"=>"Y1AXEQg5lmH71VhBacw4YthrOvYfa2JUZzj65tw42aI="}
  [4;35;1mExpense Columns (2.3ms)[0m   [0mSHOW FIELDS FROM `expenses`[0m
  [4;36;1mSQL (0.1ms)[0m   [0;1mBEGIN[0m
  [4;35;1mExpense Create (0.2ms)[0m   [0mINSERT INTO `expenses` (`created_at`, `updated_at`, `amount`, `creator_id`, `description`) VALUES('2009-04-26 16:36:25', '2009-04-26 16:36:25', 100.0, 1, 'asd')[0m
  [4;36;1mSQL (0.4ms)[0m   [0;1mCOMMIT[0m
Redirected to http://localhost:3000/expenses/2
Completed in 28ms (DB: 3) | 302 Found [http://localhost/expenses]
  [4;35;1mSQL (0.1ms)[0m   [0mSET NAMES 'utf8'[0m
  [4;36;1mSQL (0.1ms)[0m   [0;1mSET SQL_AUTO_IS_NULL=0[0m


Processing ExpensesController#show (for 127.0.0.1 at 2009-04-26 18:36:25) [GET]
  Parameters: {"id"=>"2"}
  [4;35;1mExpense Columns (1.0ms)[0m   [0mSHOW FIELDS FROM `expenses`[0m
  [4;36;1mExpense Load (0.2ms)[0m   [0;1mSELECT * FROM `expenses` WHERE (`expenses`.`id` = 2) [0m
Rendering template within layouts/expenses
Rendering expenses/show
  [4;35;1mUser Columns (1.2ms)[0m   [0mSHOW FIELDS FROM `users`[0m
  [4;36;1mUser Load (0.1ms)[0m   [0;1mSELECT * FROM `users` WHERE (`users`.`id` = 1) [0m
Completed in 23ms (View: 13, DB: 3) | 200 OK [http://localhost/expenses/2]
  [4;35;1mSQL (0.1ms)[0m   [0mSET NAMES 'utf8'[0m
  [4;36;1mSQL (0.1ms)[0m   [0;1mSET SQL_AUTO_IS_NULL=0[0m


Processing CategoriesController#index (for 127.0.0.1 at 2009-04-26 18:39:10) [GET]
  [4;35;1mCategory Load (0.0ms)[0m   [0mMysql::Error: Table 'convivium_development.categories' doesn't exist: SELECT * FROM `categories` [0m

ActiveRecord::StatementInvalid (Mysql::Error: Table 'convivium_development.categories' doesn't exist: SELECT * FROM `categories` ):
  app/controllers/categories_controller.rb:5:in `index'
  /usr/lib/ruby/1.8/webrick/httpserver.rb:104:in `service'
  /usr/lib/ruby/1.8/webrick/httpserver.rb:65:in `run'
  /usr/lib/ruby/1.8/webrick/server.rb:173:in `start_thread'
  /usr/lib/ruby/1.8/webrick/server.rb:162:in `start'
  /usr/lib/ruby/1.8/webrick/server.rb:162:in `start_thread'
  /usr/lib/ruby/1.8/webrick/server.rb:95:in `start'
  /usr/lib/ruby/1.8/webrick/server.rb:92:in `each'
  /usr/lib/ruby/1.8/webrick/server.rb:92:in `start'
  /usr/lib/ruby/1.8/webrick/server.rb:23:in `start'
  /usr/lib/ruby/1.8/webrick/server.rb:82:in `start'

Rendered rescues/_trace (45.5ms)
Rendered rescues/_request_and_response (0.3ms)
Rendering rescues/layout (internal_server_error)
  [4;36;1mSQL (0.1ms)[0m   [0;1mSET NAMES 'utf8'[0m
  [4;35;1mSQL (0.1ms)[0m   [0mSET SQL_AUTO_IS_NULL=0[0m
  [4;36;1mSQL (0.2ms)[0m   [0;1mSHOW TABLES[0m
  [4;35;1mSQL (0.1ms)[0m   [0mSELECT version FROM schema_migrations[0m
  [4;36;1mSQL (0.1ms)[0m   [0;1mSHOW TABLES[0m
  [4;35;1mSQL (0.1ms)[0m   [0mSELECT version FROM schema_migrations[0m
Migrating to CreateExpenses (20090426151702)
  [4;36;1mSQL (1.1ms)[0m   [0;1mDROP TABLE `expenses`[0m
  [4;35;1mSQL (0.4ms)[0m   [0mDELETE FROM schema_migrations WHERE version = '20090426151702'[0m
  [4;36;1mSQL (0.2ms)[0m   [0;1mSHOW TABLES[0m
  [4;35;1mSQL (0.1ms)[0m   [0mSELECT version FROM schema_migrations[0m
  [4;36;1mSQL (5.5ms)[0m   [0;1mSHOW TABLES[0m
  [4;35;1mSQL (1.1ms)[0m   [0mSHOW FIELDS FROM `users`[0m
  [4;36;1mSQL (1.7ms)[0m   [0;1mdescribe `users`[0m
  [4;35;1mSQL (0.2ms)[0m   [0mSHOW KEYS FROM `users`[0m
  [4;36;1mSQL (0.1ms)[0m   [0;1mSET NAMES 'utf8'[0m
  [4;35;1mSQL (0.1ms)[0m   [0mSET SQL_AUTO_IS_NULL=0[0m
  [4;36;1mSQL (0.2ms)[0m   [0;1mSHOW TABLES[0m
  [4;35;1mSQL (0.1ms)[0m   [0mSELECT version FROM schema_migrations[0m
Migrating to CreateUsers (20090426150645)
Migrating to CreateExpenses (20090426151702)
  [4;36;1mSQL (48.5ms)[0m   [0;1mCREATE TABLE `expenses` (`id` int(11) DEFAULT NULL auto_increment PRIMARY KEY, `description` varchar(255), `amount` float, `creator_id` int(11), `category_id` int(11), `created_at` datetime, `updated_at` datetime) ENGINE=InnoDB[0m
  [4;35;1mSQL (0.4ms)[0m   [0mINSERT INTO schema_migrations (version) VALUES ('20090426151702')[0m
Migrating to CreateCategories (20090426163758)
  [4;36;1mSQL (4.8ms)[0m   [0;1mCREATE TABLE `categories` (`id` int(11) DEFAULT NULL auto_increment PRIMARY KEY, `description` varchar(255), `created_at` datetime, `updated_at` datetime) ENGINE=InnoDB[0m
  [4;35;1mSQL (47.5ms)[0m   [0mINSERT INTO schema_migrations (version) VALUES ('20090426163758')[0m
  [4;36;1mSQL (0.3ms)[0m   [0;1mSHOW TABLES[0m
  [4;35;1mSQL (0.2ms)[0m   [0mSELECT version FROM schema_migrations[0m
  [4;36;1mSQL (0.2ms)[0m   [0;1mSHOW TABLES[0m
  [4;35;1mSQL (1.0ms)[0m   [0mSHOW FIELDS FROM `categories`[0m
  [4;36;1mSQL (0.9ms)[0m   [0;1mdescribe `categories`[0m
  [4;35;1mSQL (0.2ms)[0m   [0mSHOW KEYS FROM `categories`[0m
  [4;36;1mSQL (1.1ms)[0m   [0;1mSHOW FIELDS FROM `expenses`[0m
  [4;35;1mSQL (1.1ms)[0m   [0mdescribe `expenses`[0m
  [4;36;1mSQL (0.2ms)[0m   [0;1mSHOW KEYS FROM `expenses`[0m
  [4;35;1mSQL (1.2ms)[0m   [0mSHOW FIELDS FROM `users`[0m
  [4;36;1mSQL (1.2ms)[0m   [0;1mdescribe `users`[0m
  [4;35;1mSQL (0.3ms)[0m   [0mSHOW KEYS FROM `users`[0m
  [4;36;1mSQL (4.0ms)[0m   [0;1mSET NAMES 'utf8'[0m
  [4;35;1mSQL (0.2ms)[0m   [0mSET SQL_AUTO_IS_NULL=0[0m


Processing CategoriesController#index (for 127.0.0.1 at 2009-04-26 18:39:30) [GET]
  [4;36;1mCategory Load (0.5ms)[0m   [0;1mSELECT * FROM `categories` [0m
Rendering template within layouts/categories
Rendering categories/index
Completed in 40ms (View: 24, DB: 5) | 200 OK [http://localhost/categories]
  [4;35;1mSQL (0.2ms)[0m   [0mSET NAMES 'utf8'[0m
  [4;36;1mSQL (0.2ms)[0m   [0;1mSET SQL_AUTO_IS_NULL=0[0m


Processing CategoriesController#new (for 127.0.0.1 at 2009-04-26 18:39:32) [GET]
  [4;35;1mCategory Columns (0.9ms)[0m   [0mSHOW FIELDS FROM `categories`[0m
Rendering template within layouts/categories
Rendering categories/new
Completed in 13ms (View: 7, DB: 1) | 200 OK [http://localhost/categories/new]
  [4;36;1mSQL (0.2ms)[0m   [0;1mSET NAMES 'utf8'[0m
  [4;35;1mSQL (0.1ms)[0m   [0mSET SQL_AUTO_IS_NULL=0[0m


Processing CategoriesController#create (for 127.0.0.1 at 2009-04-26 18:39:40) [POST]
  Parameters: {"category"=>{"description"=>"casa"}, "commit"=>"Create", "authenticity_token"=>"Y1AXEQg5lmH71VhBacw4YthrOvYfa2JUZzj65tw42aI="}
  [4;36;1mCategory Columns (2.1ms)[0m   [0;1mSHOW FIELDS FROM `categories`[0m
  [4;35;1mSQL (0.2ms)[0m   [0mBEGIN[0m
  [4;36;1mCategory Create (0.5ms)[0m   [0;1mINSERT INTO `categories` (`created_at`, `updated_at`, `description`) VALUES('2009-04-26 16:39:40', '2009-04-26 16:39:40', 'casa')[0m
  [4;35;1mSQL (0.5ms)[0m   [0mCOMMIT[0m
Redirected to http://localhost:3000/categories/1
Completed in 27ms (DB: 4) | 302 Found [http://localhost/categories]
  [4;36;1mSQL (0.1ms)[0m   [0;1mSET NAMES 'utf8'[0m
  [4;35;1mSQL (0.1ms)[0m   [0mSET SQL_AUTO_IS_NULL=0[0m


Processing CategoriesController#show (for 127.0.0.1 at 2009-04-26 18:39:40) [GET]
  Parameters: {"id"=>"1"}
  [4;36;1mCategory Columns (0.9ms)[0m   [0;1mSHOW FIELDS FROM `categories`[0m
  [4;35;1mCategory Load (0.2ms)[0m   [0mSELECT * FROM `categories` WHERE (`categories`.`id` = 1) [0m
Rendering template within layouts/categories
Rendering categories/show
Completed in 13ms (View: 5, DB: 1) | 200 OK [http://localhost/categories/1]
  [4;36;1mSQL (0.1ms)[0m   [0;1mSET NAMES 'utf8'[0m
  [4;35;1mSQL (0.1ms)[0m   [0mSET SQL_AUTO_IS_NULL=0[0m
  [4;36;1mSQL (0.2ms)[0m   [0;1mSHOW TABLES[0m
  [4;35;1mSQL (0.1ms)[0m   [0mSELECT version FROM schema_migrations[0m
  [4;36;1mSQL (0.1ms)[0m   [0;1mSHOW TABLES[0m
  [4;35;1mSQL (0.1ms)[0m   [0mSELECT version FROM schema_migrations[0m
Migrating to CreateCategories (20090426163758)
  [4;36;1mSQL (1.0ms)[0m   [0;1mDROP TABLE `categories`[0m
  [4;35;1mSQL (0.4ms)[0m   [0mDELETE FROM schema_migrations WHERE version = '20090426163758'[0m
  [4;36;1mSQL (0.3ms)[0m   [0;1mSHOW TABLES[0m
  [4;35;1mSQL (0.1ms)[0m   [0mSELECT version FROM schema_migrations[0m
  [4;36;1mSQL (0.1ms)[0m   [0;1mSHOW TABLES[0m
  [4;35;1mSQL (0.9ms)[0m   [0mSHOW FIELDS FROM `expenses`[0m
  [4;36;1mSQL (0.8ms)[0m   [0;1mdescribe `expenses`[0m
  [4;35;1mSQL (0.2ms)[0m   [0mSHOW KEYS FROM `expenses`[0m
  [4;36;1mSQL (1.6ms)[0m   [0;1mSHOW FIELDS FROM `users`[0m
  [4;35;1mSQL (1.0ms)[0m   [0mdescribe `users`[0m
  [4;36;1mSQL (0.2ms)[0m   [0;1mSHOW KEYS FROM `users`[0m
  [4;36;1mSQL (0.1ms)[0m   [0;1mSET NAMES 'utf8'[0m
  [4;35;1mSQL (0.1ms)[0m   [0mSET SQL_AUTO_IS_NULL=0[0m
  [4;36;1mSQL (0.2ms)[0m   [0;1mSHOW TABLES[0m
  [4;35;1mSQL (0.1ms)[0m   [0mSELECT version FROM schema_migrations[0m
  [4;36;1mSQL (0.1ms)[0m   [0;1mSHOW TABLES[0m
  [4;35;1mSQL (0.1ms)[0m   [0mSELECT version FROM schema_migrations[0m
Migrating to CreateExpenses (20090426151702)
  [4;36;1mSQL (1.1ms)[0m   [0;1mDROP TABLE `expenses`[0m
  [4;35;1mSQL (0.4ms)[0m   [0mDELETE FROM schema_migrations WHERE version = '20090426151702'[0m
  [4;36;1mSQL (0.2ms)[0m   [0;1mSHOW TABLES[0m
  [4;35;1mSQL (0.2ms)[0m   [0mSELECT version FROM schema_migrations[0m
  [4;36;1mSQL (0.1ms)[0m   [0;1mSHOW TABLES[0m
  [4;35;1mSQL (1.1ms)[0m   [0mSHOW FIELDS FROM `users`[0m
  [4;36;1mSQL (1.0ms)[0m   [0;1mdescribe `users`[0m
  [4;35;1mSQL (0.3ms)[0m   [0mSHOW KEYS FROM `users`[0m
  [4;36;1mSQL (110.3ms)[0m   [0;1mSET NAMES 'utf8'[0m
  [4;35;1mSQL (0.2ms)[0m   [0mSET SQL_AUTO_IS_NULL=0[0m
  [4;36;1mSQL (53.6ms)[0m   [0;1mSHOW TABLES[0m
  [4;35;1mSQL (29.2ms)[0m   [0mSELECT version FROM schema_migrations[0m
Migrating to CreateUsers (20090426150645)
Migrating to CreateExpenses (20090426151702)
  [4;36;1mSQL (301.5ms)[0m   [0;1mCREATE TABLE `expenses` (`id` int(11) DEFAULT NULL auto_increment PRIMARY KEY, `description` varchar(255), `amount` float, `creator_id` int(11), `category_id` int(11), `expensegroup_id` int(11), `created_at` datetime, `updated_at` datetime) ENGINE=InnoDB[0m
  [4;35;1mSQL (24.8ms)[0m   [0mINSERT INTO schema_migrations (version) VALUES ('20090426151702')[0m
Migrating to CreateCategories (20090426163758)
  [4;36;1mSQL (9.5ms)[0m   [0;1mCREATE TABLE `categories` (`id` int(11) DEFAULT NULL auto_increment PRIMARY KEY, `description` varchar(255), `created_at` datetime, `updated_at` datetime) ENGINE=InnoDB[0m
  [4;35;1mSQL (0.7ms)[0m   [0mINSERT INTO schema_migrations (version) VALUES ('20090426163758')[0m
Migrating to CreateExpensegroups (20090426165019)
  [4;36;1mSQL (101.7ms)[0m   [0;1mCREATE TABLE `expensegroups` (`id` int(11) DEFAULT NULL auto_increment PRIMARY KEY, `name` varchar(255), `created_at` datetime, `updated_at` datetime) ENGINE=InnoDB[0m
  [4;35;1mSQL (25.4ms)[0m   [0mCREATE TABLE `expensegroups_users` (`id` int(11) DEFAULT NULL auto_increment PRIMARY KEY, `expensegroup_id` int(11), `user_id` int(11), `created_at` datetime, `updated_at` datetime) ENGINE=InnoDB[0m
  [4;36;1mSQL (11.6ms)[0m   [0;1mINSERT INTO schema_migrations (version) VALUES ('20090426165019')[0m
  [4;35;1mSQL (1.3ms)[0m   [0mSHOW TABLES[0m
  [4;36;1mSQL (0.2ms)[0m   [0;1mSELECT version FROM schema_migrations[0m
  [4;35;1mSQL (21.8ms)[0m   [0mSHOW TABLES[0m
  [4;36;1mSQL (52.1ms)[0m   [0;1mSHOW FIELDS FROM `categories`[0m
  [4;35;1mSQL (0.9ms)[0m   [0mdescribe `categories`[0m
  [4;36;1mSQL (0.2ms)[0m   [0;1mSHOW KEYS FROM `categories`[0m
  [4;35;1mSQL (7.2ms)[0m   [0mSHOW FIELDS FROM `expensegroups`[0m
  [4;36;1mSQL (0.9ms)[0m   [0;1mdescribe `expensegroups`[0m
  [4;35;1mSQL (0.2ms)[0m   [0mSHOW KEYS FROM `expensegroups`[0m
  [4;36;1mSQL (2.1ms)[0m   [0;1mSHOW FIELDS FROM `expensegroups_users`[0m
  [4;35;1mSQL (12.4ms)[0m   [0mdescribe `expensegroups_users`[0m
  [4;36;1mSQL (0.5ms)[0m   [0;1mSHOW KEYS FROM `expensegroups_users`[0m
  [4;35;1mSQL (2.0ms)[0m   [0mSHOW FIELDS FROM `expenses`[0m
  [4;36;1mSQL (1.8ms)[0m   [0;1mdescribe `expenses`[0m
  [4;35;1mSQL (0.4ms)[0m   [0mSHOW KEYS FROM `expenses`[0m
  [4;36;1mSQL (2.4ms)[0m   [0;1mSHOW FIELDS FROM `users`[0m
  [4;35;1mSQL (2.3ms)[0m   [0mdescribe `users`[0m
  [4;36;1mSQL (10.3ms)[0m   [0;1mSHOW KEYS FROM `users`[0m
  [4;36;1mSQL (0.2ms)[0m   [0;1mSET NAMES 'utf8'[0m
  [4;35;1mSQL (0.1ms)[0m   [0mSET SQL_AUTO_IS_NULL=0[0m
  [4;36;1mSQL (0.5ms)[0m   [0;1mSHOW TABLES[0m
  [4;35;1mExpensegroup Columns (2.1ms)[0m   [0mSHOW FIELDS FROM `expensegroups`[0m
  [4;36;1mSQL (0.5ms)[0m   [0;1mSHOW TABLES[0m
  [4;36;1mSQL (0.1ms)[0m   [0;1mSET NAMES 'utf8'[0m
  [4;35;1mSQL (0.2ms)[0m   [0mSET SQL_AUTO_IS_NULL=0[0m


Processing ExpensegroupsController#index (for 127.0.0.1 at 2009-04-26 19:05:44) [GET]
  [4;36;1mExpensegroup Load (0.5ms)[0m   [0;1mSELECT * FROM `expensegroups` [0m
Rendering template within layouts/expensegroups
Rendering expensegroups/index
Completed in 518ms (View: 152, DB: 1) | 200 OK [http://localhost/expensegroups]
  [4;35;1mSQL (0.1ms)[0m   [0mSET NAMES 'utf8'[0m
  [4;36;1mSQL (0.1ms)[0m   [0;1mSET SQL_AUTO_IS_NULL=0[0m


Processing ExpensegroupsController#new (for 127.0.0.1 at 2009-04-26 19:05:47) [GET]
  [4;35;1mExpensegroup Columns (1.0ms)[0m   [0mSHOW FIELDS FROM `expensegroups`[0m
Rendering template within layouts/expensegroups
Rendering expensegroups/new
Completed in 438ms (View: 7, DB: 1) | 200 OK [http://localhost/expensegroups/new]
  [4;35;1mUser Load (25.4ms)[0m   [0mSELECT `users`.id FROM `users` INNER JOIN `expensegroups_users` ON `users`.id = `expensegroups_users`.user_id WHERE (`expensegroups_users`.expensegroup_id = NULL ) [0m
  [4;36;1mSQL (0.2ms)[0m   [0;1mSET NAMES 'utf8'[0m
  [4;35;1mSQL (0.1ms)[0m   [0mSET SQL_AUTO_IS_NULL=0[0m


Processing ExpensegroupsController#create (for 127.0.0.1 at 2009-04-26 19:16:15) [POST]
  Parameters: {"commit"=>"Create", "authenticity_token"=>"Y1AXEQg5lmH71VhBacw4YthrOvYfa2JUZzj65tw42aI=", "expensegroup"=>{"name"=>"comuni"}}
  [4;36;1mExpensegroup Columns (1.0ms)[0m   [0;1mSHOW FIELDS FROM `expensegroups`[0m
  [4;35;1mSQL (0.1ms)[0m   [0mBEGIN[0m
  [4;36;1mExpensegroup Create (1.2ms)[0m   [0;1mINSERT INTO `expensegroups` (`name`, `created_at`, `updated_at`) VALUES('comuni', '2009-04-26 17:16:15', '2009-04-26 17:16:15')[0m
  [4;35;1mSQL (0.4ms)[0m   [0mCOMMIT[0m
Redirected to http://localhost:3000/expensegroups/1
Completed in 14ms (DB: 3) | 302 Found [http://localhost/expensegroups]
  [4;36;1mSQL (0.1ms)[0m   [0;1mSET NAMES 'utf8'[0m
  [4;35;1mSQL (0.1ms)[0m   [0mSET SQL_AUTO_IS_NULL=0[0m


Processing ExpensegroupsController#show (for 127.0.0.1 at 2009-04-26 19:16:15) [GET]
  Parameters: {"id"=>"1"}
  [4;36;1mExpensegroup Columns (1.0ms)[0m   [0;1mSHOW FIELDS FROM `expensegroups`[0m
  [4;35;1mExpensegroup Load (20.9ms)[0m   [0mSELECT * FROM `expensegroups` WHERE (`expensegroups`.`id` = 1) [0m
Rendering template within layouts/expensegroups
Rendering expensegroups/show
Completed in 36ms (View: 6, DB: 22) | 200 OK [http://localhost/expensegroups/1]
  [4;36;1mSQL (0.1ms)[0m   [0;1mSET NAMES 'utf8'[0m
  [4;35;1mSQL (0.1ms)[0m   [0mSET SQL_AUTO_IS_NULL=0[0m


Processing ExpensegroupsController#edit (for 127.0.0.1 at 2009-04-26 19:16:18) [GET]
  Parameters: {"id"=>"1"}
  [4;36;1mExpensegroup Columns (0.9ms)[0m   [0;1mSHOW FIELDS FROM `expensegroups`[0m
  [4;35;1mExpensegroup Load (0.1ms)[0m   [0mSELECT * FROM `expensegroups` WHERE (`expensegroups`.`id` = 1) [0m
Rendering template within layouts/expensegroups
Rendering expensegroups/edit
  [4;36;1mUser Load (0.1ms)[0m   [0;1mSELECT * FROM `users` [0m
  [4;35;1mUser Columns (1.1ms)[0m   [0mSHOW FIELDS FROM `users`[0m
  [4;36;1mUser Load (0.2ms)[0m   [0;1mSELECT `users`.id FROM `users` INNER JOIN `expensegroups_users` ON `users`.id = `expensegroups_users`.user_id WHERE (`expensegroups_users`.expensegroup_id = 1 ) [0m
Completed in 33ms (View: 24, DB: 3) | 200 OK [http://localhost/expensegroups/1/edit]
  [4;35;1mSQL (0.1ms)[0m   [0mSET NAMES 'utf8'[0m
  [4;36;1mSQL (0.1ms)[0m   [0;1mSET SQL_AUTO_IS_NULL=0[0m


Processing ExpensegroupsController#update (for 127.0.0.1 at 2009-04-26 19:16:24) [PUT]
  Parameters: {"commit"=>"Update", "authenticity_token"=>"Y1AXEQg5lmH71VhBacw4YthrOvYfa2JUZzj65tw42aI=", "id"=>"1", "expensegroup"=>{"name"=>"comuni", "user_ids"=>["1"]}}
  [4;35;1mExpensegroup Columns (1.0ms)[0m   [0mSHOW FIELDS FROM `expensegroups`[0m
  [4;36;1mExpensegroup Load (0.1ms)[0m   [0;1mSELECT * FROM `expensegroups` WHERE (`expensegroups`.`id` = 1) [0m
  [4;35;1mUser Columns (1.2ms)[0m   [0mSHOW FIELDS FROM `users`[0m
  [4;36;1mUser Load (0.1ms)[0m   [0;1mSELECT * FROM `users` WHERE (`users`.`id` = 1) [0m
  [4;35;1mexpensegroups_users Columns (0.9ms)[0m   [0mSHOW FIELDS FROM `expensegroups_users`[0m
  [4;36;1mUser Load (0.2ms)[0m   [0;1mSELECT * FROM `users` INNER JOIN `expensegroups_users` ON `users`.id = `expensegroups_users`.user_id WHERE (`expensegroups_users`.expensegroup_id = 1 ) [0m
  [4;35;1mSQL (0.0ms)[0m   [0mBEGIN[0m
  [4;36;1mSQL (0.2ms)[0m   [0;1mINSERT INTO `expensegroups_users` (`created_at`, `updated_at`, `id`, `user_id`, `expensegroup_id`) VALUES ('2009-04-26 15:09:22', '2009-04-26 15:09:22', 1, 1, 1)[0m
  [4;35;1mSQL (0.4ms)[0m   [0mCOMMIT[0m
  [4;36;1mSQL (0.0ms)[0m   [0;1mBEGIN[0m
  [4;35;1mSQL (0.0ms)[0m   [0mCOMMIT[0m
Redirected to http://localhost:3000/expensegroups/1
Completed in 29ms (DB: 4) | 302 Found [http://localhost/expensegroups/1]
  [4;36;1mSQL (0.1ms)[0m   [0;1mSET NAMES 'utf8'[0m
  [4;35;1mSQL (0.1ms)[0m   [0mSET SQL_AUTO_IS_NULL=0[0m


Processing ExpensegroupsController#show (for 127.0.0.1 at 2009-04-26 19:16:24) [GET]
  Parameters: {"id"=>"1"}
  [4;36;1mExpensegroup Columns (0.9ms)[0m   [0;1mSHOW FIELDS FROM `expensegroups`[0m
  [4;35;1mExpensegroup Load (0.1ms)[0m   [0mSELECT * FROM `expensegroups` WHERE (`expensegroups`.`id` = 1) [0m
Rendering template within layouts/expensegroups
Rendering expensegroups/show
Completed in 11ms (View: 3, DB: 1) | 200 OK [http://localhost/expensegroups/1]
  [4;36;1mSQL (0.1ms)[0m   [0;1mSET NAMES 'utf8'[0m
  [4;35;1mSQL (0.1ms)[0m   [0mSET SQL_AUTO_IS_NULL=0[0m


Processing ExpensegroupsController#edit (for 127.0.0.1 at 2009-04-26 19:16:27) [GET]
  Parameters: {"id"=>"1"}
  [4;36;1mExpensegroup Columns (0.9ms)[0m   [0;1mSHOW FIELDS FROM `expensegroups`[0m
  [4;35;1mExpensegroup Load (0.1ms)[0m   [0mSELECT * FROM `expensegroups` WHERE (`expensegroups`.`id` = 1) [0m
Rendering template within layouts/expensegroups
Rendering expensegroups/edit
  [4;36;1mUser Load (0.1ms)[0m   [0;1mSELECT * FROM `users` [0m
  [4;35;1mUser Columns (1.1ms)[0m   [0mSHOW FIELDS FROM `users`[0m
  [4;36;1mUser Load (0.3ms)[0m   [0;1mSELECT `users`.id FROM `users` INNER JOIN `expensegroups_users` ON `users`.id = `expensegroups_users`.user_id WHERE (`expensegroups_users`.expensegroup_id = 1 ) [0m
Completed in 27ms (View: 17, DB: 3) | 200 OK [http://localhost/expensegroups/1/edit]
  [4;35;1mSQL (0.1ms)[0m   [0mSET NAMES 'utf8'[0m
  [4;36;1mSQL (0.1ms)[0m   [0;1mSET SQL_AUTO_IS_NULL=0[0m


Processing ExpensesController#index (for 127.0.0.1 at 2009-04-26 19:21:28) [GET]
  [4;35;1mExpense Load (0.3ms)[0m   [0mSELECT * FROM `expenses` [0m
Rendering template within layouts/expenses
Rendering expenses/index
Completed in 9ms (View: 2, DB: 0) | 200 OK [http://localhost/expenses]
  [4;36;1mSQL (0.1ms)[0m   [0;1mSET NAMES 'utf8'[0m
  [4;35;1mSQL (0.1ms)[0m   [0mSET SQL_AUTO_IS_NULL=0[0m


Processing ExpensesController#new (for 127.0.0.1 at 2009-04-26 19:21:30) [GET]
  [4;36;1mExpense Columns (2.6ms)[0m   [0;1mSHOW FIELDS FROM `expenses`[0m
Rendering template within layouts/expenses
Rendering expenses/new
  [4;35;1mExpensegroup Load (0.3ms)[0m   [0mSELECT * FROM `expensegroups` [0m
  [4;36;1mExpensegroup Columns (0.8ms)[0m   [0;1mSHOW FIELDS FROM `expensegroups`[0m

ActionView::TemplateError (undefined method `login' for #<Expensegroup:0xb6917b14>) on line #16 of app/views/expenses/new.html.erb:
13:   </p>
14:   <p>
15: 	<%= f.label :expensegroup %><br />
16: 	<%= f.select :expensegroup_ids , Expensegroup.find(:all).collect {|p| [ p.login, p.id ] } , { } %>		
17:   </p>
18:   <p>
19:     <%= f.submit 'Create' %>

    app/views/expenses/new.html.erb:16
    app/views/expenses/new.html.erb:16:in `collect'
    app/views/expenses/new.html.erb:16
    app/views/expenses/new.html.erb:3
    app/controllers/expenses_controller.rb:29:in `new'
    /usr/lib/ruby/1.8/webrick/httpserver.rb:104:in `service'
    /usr/lib/ruby/1.8/webrick/httpserver.rb:65:in `run'
    /usr/lib/ruby/1.8/webrick/server.rb:173:in `start_thread'
    /usr/lib/ruby/1.8/webrick/server.rb:162:in `start'
    /usr/lib/ruby/1.8/webrick/server.rb:162:in `start_thread'
    /usr/lib/ruby/1.8/webrick/server.rb:95:in `start'
    /usr/lib/ruby/1.8/webrick/server.rb:92:in `each'
    /usr/lib/ruby/1.8/webrick/server.rb:92:in `start'
    /usr/lib/ruby/1.8/webrick/server.rb:23:in `start'
    /usr/lib/ruby/1.8/webrick/server.rb:82:in `start'

Rendered rescues/_trace (57.7ms)
Rendered rescues/_request_and_response (0.3ms)
Rendering rescues/layout (internal_server_error)
  [4;35;1mSQL (0.1ms)[0m   [0mSET NAMES 'utf8'[0m
  [4;36;1mSQL (0.1ms)[0m   [0;1mSET SQL_AUTO_IS_NULL=0[0m


Processing ExpensesController#new (for 127.0.0.1 at 2009-04-26 19:21:49) [GET]
  [4;35;1mExpense Columns (2.6ms)[0m   [0mSHOW FIELDS FROM `expenses`[0m
Rendering template within layouts/expenses
Rendering expenses/new
  [4;36;1mExpensegroup Load (0.1ms)[0m   [0;1mSELECT * FROM `expensegroups` [0m
  [4;35;1mExpensegroup Columns (0.9ms)[0m   [0mSHOW FIELDS FROM `expensegroups`[0m

ActionView::TemplateError (undefined method `expensegroup_ids' for #<Expense:0xb69edd04>) on line #16 of app/views/expenses/new.html.erb:
13:   </p>
14:   <p>
15: 	<%= f.label :expensegroup %><br />
16: 	<%= f.select :expensegroup_ids , Expensegroup.find(:all).collect {|p| [ p.name, p.id ] } , { } %>		
17:   </p>
18:   <p>
19:     <%= f.submit 'Create' %>

    app/views/expenses/new.html.erb:16
    app/views/expenses/new.html.erb:3
    app/controllers/expenses_controller.rb:29:in `new'
    /usr/lib/ruby/1.8/webrick/httpserver.rb:104:in `service'
    /usr/lib/ruby/1.8/webrick/httpserver.rb:65:in `run'
    /usr/lib/ruby/1.8/webrick/server.rb:173:in `start_thread'
    /usr/lib/ruby/1.8/webrick/server.rb:162:in `start'
    /usr/lib/ruby/1.8/webrick/server.rb:162:in `start_thread'
    /usr/lib/ruby/1.8/webrick/server.rb:95:in `start'
    /usr/lib/ruby/1.8/webrick/server.rb:92:in `each'
    /usr/lib/ruby/1.8/webrick/server.rb:92:in `start'
    /usr/lib/ruby/1.8/webrick/server.rb:23:in `start'
    /usr/lib/ruby/1.8/webrick/server.rb:82:in `start'

Rendered rescues/_trace (61.0ms)
Rendered rescues/_request_and_response (0.3ms)
Rendering rescues/layout (internal_server_error)
  [4;36;1mSQL (0.1ms)[0m   [0;1mSET NAMES 'utf8'[0m
  [4;35;1mSQL (0.1ms)[0m   [0mSET SQL_AUTO_IS_NULL=0[0m


Processing ExpensesController#new (for 127.0.0.1 at 2009-04-26 19:22:04) [GET]
  [4;36;1mExpense Columns (1.3ms)[0m   [0;1mSHOW FIELDS FROM `expenses`[0m
Rendering template within layouts/expenses
Rendering expenses/new
  [4;35;1mExpensegroup Load (0.1ms)[0m   [0mSELECT * FROM `expensegroups` [0m
  [4;36;1mExpensegroup Columns (1.1ms)[0m   [0;1mSHOW FIELDS FROM `expensegroups`[0m
Completed in 28ms (View: 16, DB: 3) | 200 OK [http://localhost/expenses/new]
